# JRE version: OpenJDK Runtime Environment Temurin-17.0.5+8 (17.0.5+8) (build 17.0.5+8)
# Java VM: OpenJDK 64-Bit Server VM Temurin-17.0.5+8 (17.0.5+8, mixed mode, tiered, compressed oops, compressed class ptrs, parallel gc, bsd-amd64)
GC Precious Log:
 CPUs: 6 total, 6 available
 Memory: 16384M
 Large Page Support: Disabled
 NUMA Support: Disabled
 Compressed Oops: Enabled (Zero based)
 Alignments: Space 512K, Generation 512K, Heap 2M
 Heap Min Capacity: 100M
 Heap Initial Capacity: 100M
 Heap Max Capacity: 1G
 Pre-touch: Disabled
 Parallel Workers: 6
Heap:
 PSYoungGen      total 18432K, used 16371K [0x00000007eab00000, 0x00000007ec100000, 0x0000000800000000)
  eden space 16384K, 99% used [0x00000007eab00000,0x00000007ebafccd0,0x00000007ebb00000)
  from space 2048K, 0% used [0x00000007ebf00000,0x00000007ebf00000,0x00000007ec100000)
  to   space 3072K, 0% used [0x00000007ebb00000,0x00000007ebb00000,0x00000007ebe00000)
 ParOldGen       total 101888K, used 69886K [0x00000007c0000000, 0x00000007c6380000, 0x00000007eab00000)
  object space 101888K, 68% used [0x00000007c0000000,0x00000007c443fa00,0x00000007c6380000)
 Metaspace       used 64138K, committed 65152K, reserved 1114112K
  class space    used 7396K, committed 7872K, reserved 1048576K
GC Heap History (20 events):
Event: 442.620 GC heap before
{Heap before GC invocations=54 (full 2):
 PSYoungGen      total 18944K, used 18592K [0x00000007eab00000, 0x00000007ec000000, 0x0000000800000000)
  eden space 16896K, 100% used [0x00000007eab00000,0x00000007ebb80000,0x00000007ebb80000)
  from space 2048K, 82% used [0x00000007ebb80000,0x00000007ebd28000,0x00000007ebd80000)
  to   space 2048K, 0% used [0x00000007ebe00000,0x00000007ebe00000,0x00000007ec000000)
 ParOldGen       total 68608K, used 55290K [0x00000007c0000000, 0x00000007c4300000, 0x00000007eab00000)
  object space 68608K, 80% used [0x00000007c0000000,0x00000007c35fe9e0,0x00000007c4300000)
 Metaspace       used 57844K, committed 58816K, reserved 1105920K
  class space    used 6743K, committed 7168K, reserved 1048576K
}
Event: 442.623 GC heap after
{Heap after GC invocations=54 (full 2):
 PSYoungGen      total 18432K, used 1312K [0x00000007eab00000, 0x00000007ebf80000, 0x0000000800000000)
  eden space 16896K, 0% used [0x00000007eab00000,0x00000007eab00000,0x00000007ebb80000)
  from space 1536K, 85% used [0x00000007ebe00000,0x00000007ebf48000,0x00000007ebf80000)
  to   space 1536K, 0% used [0x00000007ebc80000,0x00000007ebc80000,0x00000007ebe00000)
 ParOldGen       total 68608K, used 56914K [0x00000007c0000000, 0x00000007c4300000, 0x00000007eab00000)
  object space 68608K, 82% used [0x00000007c0000000,0x00000007c37949e0,0x00000007c4300000)
 Metaspace       used 57844K, committed 58816K, reserved 1105920K
  class space    used 6743K, committed 7168K, reserved 1048576K
}
Event: 442.678 GC heap before
{Heap before GC invocations=55 (full 2):
 PSYoungGen      total 18432K, used 16935K [0x00000007eab00000, 0x00000007ebf80000, 0x0000000800000000)
  eden space 16896K, 92% used [0x00000007eab00000,0x00000007eba41e10,0x00000007ebb80000)
  from space 1536K, 85% used [0x00000007ebe00000,0x00000007ebf48000,0x00000007ebf80000)
  to   space 1536K, 0% used [0x00000007ebc80000,0x00000007ebc80000,0x00000007ebe00000)
 ParOldGen       total 68608K, used 56914K [0x00000007c0000000, 0x00000007c4300000, 0x00000007eab00000)
  object space 68608K, 82% used [0x00000007c0000000,0x00000007c37949e0,0x00000007c4300000)
 Metaspace       used 58791K, committed 59776K, reserved 1105920K
  class space    used 6808K, committed 7296K, reserved 1048576K
}
Event: 442.679 GC heap after
{Heap after GC invocations=55 (full 2):
 PSYoungGen      total 17920K, used 784K [0x00000007eab00000, 0x00000007ebe80000, 0x0000000800000000)
  eden space 16896K, 0% used [0x00000007eab00000,0x00000007eab00000,0x00000007ebb80000)
  from space 1024K, 76% used [0x00000007ebc80000,0x00000007ebd44010,0x00000007ebd80000)
  to   space 1024K, 0% used [0x00000007ebd80000,0x00000007ebd80000,0x00000007ebe80000)
 ParOldGen       total 68608K, used 58154K [0x00000007c0000000, 0x00000007c4300000, 0x00000007eab00000)
  object space 68608K, 84% used [0x00000007c0000000,0x00000007c38ca9e0,0x00000007c4300000)
 Metaspace       used 58791K, committed 59776K, reserved 1105920K
  class space    used 6808K, committed 7296K, reserved 1048576K
}
Event: 442.679 GC heap before
{Heap before GC invocations=56 (full 3):
 PSYoungGen      total 17920K, used 784K [0x00000007eab00000, 0x00000007ebe80000, 0x0000000800000000)
  eden space 16896K, 0% used [0x00000007eab00000,0x00000007eab00000,0x00000007ebb80000)
  from space 1024K, 76% used [0x00000007ebc80000,0x00000007ebd44010,0x00000007ebd80000)
  to   space 1024K, 0% used [0x00000007ebd80000,0x00000007ebd80000,0x00000007ebe80000)
 ParOldGen       total 68608K, used 58154K [0x00000007c0000000, 0x00000007c4300000, 0x00000007eab00000)
  object space 68608K, 84% used [0x00000007c0000000,0x00000007c38ca9e0,0x00000007c4300000)
 Metaspace       used 58791K, committed 59776K, reserved 1105920K
  class space    used 6808K, committed 7296K, reserved 1048576K
}
Event: 442.729 GC heap after
{Heap after GC invocations=56 (full 3):
 PSYoungGen      total 17920K, used 0K [0x00000007eab00000, 0x00000007ebe80000, 0x0000000800000000)
  eden space 16896K, 0% used [0x00000007eab00000,0x00000007eab00000,0x00000007ebb80000)
  from space 1024K, 0% used [0x00000007ebc80000,0x00000007ebc80000,0x00000007ebd80000)
  to   space 1024K, 0% used [0x00000007ebd80000,0x00000007ebd80000,0x00000007ebe80000)
 ParOldGen       total 68608K, used 55856K [0x00000007c0000000, 0x00000007c4300000, 0x00000007eab00000)
  object space 68608K, 81% used [0x00000007c0000000,0x00000007c368c1f8,0x00000007c4300000)
 Metaspace       used 58791K, committed 59776K, reserved 1105920K
  class space    used 6808K, committed 7296K, reserved 1048576K
}
Event: 442.799 GC heap before
{Heap before GC invocations=57 (full 3):
 PSYoungGen      total 17920K, used 16896K [0x00000007eab00000, 0x00000007ebe80000, 0x0000000800000000)
  eden space 16896K, 100% used [0x00000007eab00000,0x00000007ebb80000,0x00000007ebb80000)
  from space 1024K, 0% used [0x00000007ebc80000,0x00000007ebc80000,0x00000007ebd80000)
  to   space 1024K, 0% used [0x00000007ebd80000,0x00000007ebd80000,0x00000007ebe80000)
 ParOldGen       total 68608K, used 55856K [0x00000007c0000000, 0x00000007c4300000, 0x00000007eab00000)
  object space 68608K, 81% used [0x00000007c0000000,0x00000007c368c1f8,0x00000007c4300000)
 Metaspace       used 59757K, committed 60672K, reserved 1105920K
  class space    used 6933K, committed 7360K, reserved 1048576K
}
Event: 442.800 GC heap after
{Heap after GC invocations=57 (full 3):
 PSYoungGen      total 17920K, used 550K [0x00000007eab00000, 0x00000007ebe80000, 0x0000000800000000)
  eden space 16896K, 0% used [0x00000007eab00000,0x00000007eab00000,0x00000007ebb80000)
  from space 1024K, 53% used [0x00000007ebd80000,0x00000007ebe09ab0,0x00000007ebe80000)
  to   space 1024K, 0% used [0x00000007ebc80000,0x00000007ebc80000,0x00000007ebd80000)
 ParOldGen       total 68608K, used 55856K [0x00000007c0000000, 0x00000007c4300000, 0x00000007eab00000)
  object space 68608K, 81% used [0x00000007c0000000,0x00000007c368c1f8,0x00000007c4300000)
 Metaspace       used 59757K, committed 60672K, reserved 1105920K
  class space    used 6933K, committed 7360K, reserved 1048576K
}
Event: 442.910 GC heap before
{Heap before GC invocations=58 (full 3):
 PSYoungGen      total 17920K, used 17446K [0x00000007eab00000, 0x00000007ebe80000, 0x0000000800000000)
  eden space 16896K, 99% used [0x00000007eab00000,0x00000007ebb7fe10,0x00000007ebb80000)
  from space 1024K, 53% used [0x00000007ebd80000,0x00000007ebe09ab0,0x00000007ebe80000)
  to   space 1024K, 0% used [0x00000007ebc80000,0x00000007ebc80000,0x00000007ebd80000)
 ParOldGen       total 68608K, used 55856K [0x00000007c0000000, 0x00000007c4300000, 0x00000007eab00000)
  object space 68608K, 81% used [0x00000007c0000000,0x00000007c368c1f8,0x00000007c4300000)
 Metaspace       used 60829K, committed 61824K, reserved 1105920K
  class space    used 7054K, committed 7488K, reserved 1048576K
}
Event: 442.923 GC heap after
{Heap after GC invocations=58 (full 3):
 PSYoungGen      total 17408K, used 480K [0x00000007eab00000, 0x00000007ebe00000, 0x0000000800000000)
  eden space 16896K, 0% used [0x00000007eab00000,0x00000007eab00000,0x00000007ebb80000)
  from space 512K, 93% used [0x00000007ebc80000,0x00000007ebcf8020,0x00000007ebd00000)
  to   space 1024K, 0% used [0x00000007ebd00000,0x00000007ebd00000,0x00000007ebe00000)
 ParOldGen       total 68608K, used 56342K [0x00000007c0000000, 0x00000007c4300000, 0x00000007eab00000)
  object space 68608K, 82% used [0x00000007c0000000,0x00000007c3705a20,0x00000007c4300000)
 Metaspace       used 60829K, committed 61824K, reserved 1105920K
  class space    used 7054K, committed 7488K, reserved 1048576K
}
Event: 443.020 GC heap before
{Heap before GC invocations=59 (full 3):
 PSYoungGen      total 17408K, used 17143K [0x00000007eab00000, 0x00000007ebe00000, 0x0000000800000000)
  eden space 16896K, 98% used [0x00000007eab00000,0x00000007ebb45bf8,0x00000007ebb80000)
  from space 512K, 93% used [0x00000007ebc80000,0x00000007ebcf8020,0x00000007ebd00000)
  to   space 1024K, 0% used [0x00000007ebd00000,0x00000007ebd00000,0x00000007ebe00000)
 ParOldGen       total 68608K, used 56342K [0x00000007c0000000, 0x00000007c4300000, 0x00000007eab00000)
  object space 68608K, 82% used [0x00000007c0000000,0x00000007c3705a20,0x00000007c4300000)
 Metaspace       used 62111K, committed 63104K, reserved 1105920K
  class space    used 7178K, committed 7616K, reserved 1048576K
}
Event: 443.020 GC heap after
{Heap after GC invocations=59 (full 3):
 PSYoungGen      total 17408K, used 352K [0x00000007eab00000, 0x00000007ebd80000, 0x0000000800000000)
  eden space 16896K, 0% used [0x00000007eab00000,0x00000007eab00000,0x00000007ebb80000)
  from space 512K, 68% used [0x00000007ebd00000,0x00000007ebd58000,0x00000007ebd80000)
  to   space 512K, 0% used [0x00000007ebc80000,0x00000007ebc80000,0x00000007ebd00000)
 ParOldGen       total 68608K, used 56763K [0x00000007c0000000, 0x00000007c4300000, 0x00000007eab00000)
  object space 68608K, 82% used [0x00000007c0000000,0x00000007c376ec70,0x00000007c4300000)
 Metaspace       used 62111K, committed 63104K, reserved 1105920K
  class space    used 7178K, committed 7616K, reserved 1048576K
}
Event: 443.043 GC heap before
{Heap before GC invocations=60 (full 3):
 PSYoungGen      total 17408K, used 17248K [0x00000007eab00000, 0x00000007ebd80000, 0x0000000800000000)
  eden space 16896K, 100% used [0x00000007eab00000,0x00000007ebb80000,0x00000007ebb80000)
  from space 512K, 68% used [0x00000007ebd00000,0x00000007ebd58000,0x00000007ebd80000)
  to   space 512K, 0% used [0x00000007ebc80000,0x00000007ebc80000,0x00000007ebd00000)
 ParOldGen       total 68608K, used 56763K [0x00000007c0000000, 0x00000007c4300000, 0x00000007eab00000)
  object space 68608K, 82% used [0x00000007c0000000,0x00000007c376ec70,0x00000007c4300000)
 Metaspace       used 62112K, committed 63104K, reserved 1105920K
  class space    used 7178K, committed 7616K, reserved 1048576K
}
Event: 443.044 GC heap after
{Heap after GC invocations=60 (full 3):
 PSYoungGen      total 17408K, used 508K [0x00000007eab00000, 0x00000007ec780000, 0x0000000800000000)
  eden space 16896K, 0% used [0x00000007eab00000,0x00000007eab00000,0x00000007ebb80000)
  from space 512K, 99% used [0x00000007ebc80000,0x00000007ebcff2a0,0x00000007ebd00000)
  to   space 6144K, 0% used [0x00000007ec180000,0x00000007ec180000,0x00000007ec780000)
 ParOldGen       total 68608K, used 61235K [0x00000007c0000000, 0x00000007c4300000, 0x00000007eab00000)
  object space 68608K, 89% used [0x00000007c0000000,0x00000007c3bccec8,0x00000007c4300000)
 Metaspace       used 62112K, committed 63104K, reserved 1105920K
  class space    used 7178K, committed 7616K, reserved 1048576K
}
Event: 443.064 GC heap before
{Heap before GC invocations=61 (full 3):
 PSYoungGen      total 17408K, used 17404K [0x00000007eab00000, 0x00000007ec780000, 0x0000000800000000)
  eden space 16896K, 100% used [0x00000007eab00000,0x00000007ebb80000,0x00000007ebb80000)
  from space 512K, 99% used [0x00000007ebc80000,0x00000007ebcff2a0,0x00000007ebd00000)
  to   space 6144K, 0% used [0x00000007ec180000,0x00000007ec180000,0x00000007ec780000)
 ParOldGen       total 68608K, used 61235K [0x00000007c0000000, 0x00000007c4300000, 0x00000007eab00000)
  object space 68608K, 89% used [0x00000007c0000000,0x00000007c3bccec8,0x00000007c4300000)
 Metaspace       used 62113K, committed 63104K, reserved 1105920K
  class space    used 7178K, committed 7616K, reserved 1048576K
}
Event: 443.067 GC heap after
{Heap after GC invocations=61 (full 3):
 PSYoungGen      total 22528K, used 6107K [0x00000007eab00000, 0x00000007ec880000, 0x0000000800000000)
  eden space 16384K, 0% used [0x00000007eab00000,0x00000007eab00000,0x00000007ebb00000)
  from space 6144K, 99% used [0x00000007ec180000,0x00000007ec776dc8,0x00000007ec780000)
  to   space 6656K, 0% used [0x00000007ebb00000,0x00000007ebb00000,0x00000007ec180000)
 ParOldGen       total 68608K, used 63646K [0x00000007c0000000, 0x00000007c4300000, 0x00000007eab00000)
  object space 68608K, 92% used [0x00000007c0000000,0x00000007c3e27890,0x00000007c4300000)
 Metaspace       used 62113K, committed 63104K, reserved 1105920K
  class space    used 7178K, committed 7616K, reserved 1048576K
}
Event: 443.118 GC heap before
{Heap before GC invocations=62 (full 3):
 PSYoungGen      total 22528K, used 22491K [0x00000007eab00000, 0x00000007ec880000, 0x0000000800000000)
  eden space 16384K, 100% used [0x00000007eab00000,0x00000007ebb00000,0x00000007ebb00000)
  from space 6144K, 99% used [0x00000007ec180000,0x00000007ec776dc8,0x00000007ec780000)
  to   space 6656K, 0% used [0x00000007ebb00000,0x00000007ebb00000,0x00000007ec180000)
 ParOldGen       total 68608K, used 63646K [0x00000007c0000000, 0x00000007c4300000, 0x00000007eab00000)
  object space 68608K, 92% used [0x00000007c0000000,0x00000007c3e27890,0x00000007c4300000)
 Metaspace       used 62441K, committed 63488K, reserved 1105920K
  class space    used 7205K, committed 7680K, reserved 1048576K
}
Event: 443.122 GC heap after
{Heap after GC invocations=62 (full 3):
 PSYoungGen      total 17408K, used 608K [0x00000007eab00000, 0x00000007ec200000, 0x0000000800000000)
  eden space 16384K, 0% used [0x00000007eab00000,0x00000007eab00000,0x00000007ebb00000)
  from space 1024K, 59% used [0x00000007ebb00000,0x00000007ebb98000,0x00000007ebc00000)
  to   space 3072K, 0% used [0x00000007ebf00000,0x00000007ebf00000,0x00000007ec200000)
 ParOldGen       total 73728K, used 69667K [0x00000007c0000000, 0x00000007c4800000, 0x00000007eab00000)
  object space 73728K, 94% used [0x00000007c0000000,0x00000007c4408e78,0x00000007c4800000)
 Metaspace       used 62441K, committed 63488K, reserved 1105920K
  class space    used 7205K, committed 7680K, reserved 1048576K
}
Event: 443.122 GC heap before
{Heap before GC invocations=63 (full 4):
 PSYoungGen      total 17408K, used 608K [0x00000007eab00000, 0x00000007ec200000, 0x0000000800000000)
  eden space 16384K, 0% used [0x00000007eab00000,0x00000007eab00000,0x00000007ebb00000)
  from space 1024K, 59% used [0x00000007ebb00000,0x00000007ebb98000,0x00000007ebc00000)
  to   space 3072K, 0% used [0x00000007ebf00000,0x00000007ebf00000,0x00000007ec200000)
 ParOldGen       total 73728K, used 69667K [0x00000007c0000000, 0x00000007c4800000, 0x00000007eab00000)
  object space 73728K, 94% used [0x00000007c0000000,0x00000007c4408e78,0x00000007c4800000)
 Metaspace       used 62441K, committed 63488K, reserved 1105920K
  class space    used 7205K, committed 7680K, reserved 1048576K
}
Event: 443.159 GC heap after
{Heap after GC invocations=63 (full 4):
 PSYoungGen      total 18432K, used 0K [0x00000007eab00000, 0x00000007ec100000, 0x0000000800000000)
  eden space 16384K, 0% used [0x00000007eab00000,0x00000007eab00000,0x00000007ebb00000)
  from space 2048K, 0% used [0x00000007ebf00000,0x00000007ebf00000,0x00000007ec100000)
  to   space 3072K, 0% used [0x00000007ebb00000,0x00000007ebb00000,0x00000007ebe00000)
 ParOldGen       total 101888K, used 69886K [0x00000007c0000000, 0x00000007c6380000, 0x00000007eab00000)
  object space 101888K, 68% used [0x00000007c0000000,0x00000007c443fa00,0x00000007c6380000)
 Metaspace       used 62441K, committed 63488K, reserved 1105920K
  class space    used 7205K, committed 7680K, reserved 1048576K
}

